<?xml version="1.0" encoding="UTF-8"?>
<!-- Generated by org.testng.reporters.JUnitReportReporter -->
<testsuite skipped="0" hostname="DESKTOP-M9B6P2U" name="jan28.DataDriven" tests="1" failures="0" timestamp="01 Feb 2020 10:17:30 GMT" time="79.087" errors="0">
  <testcase name="verifyLogin" time="79.087" classname="jan28.DataDriven"/>
</testsuite> <!-- jan28.DataDriven -->
