<?xml version="1.0" encoding="UTF-8"?>
<!-- Generated by org.testng.reporters.JUnitReportReporter -->
<testsuite skipped="0" hostname="DESKTOP-M9B6P2U" name="Jan22.Demo3" tests="3" failures="0" timestamp="24 Jan 2020 06:42:31 GMT" time="0.028" errors="0">
  <testcase name="reply" time="0.006" classname="Jan22.Demo3"/>
  <testcase name="login" time="0.012" classname="Jan22.Demo3"/>
  <testcase name="compose" time="0.010" classname="Jan22.Demo3"/>
</testsuite> <!-- Jan22.Demo3 -->
