<?xml version="1.0" encoding="UTF-8"?>
<!-- Generated by org.testng.reporters.JUnitReportReporter -->
<testsuite skipped="0" hostname="DESKTOP-M9B6P2U" name="jan23.Demo4" tests="2" failures="0" timestamp="24 Jan 2020 06:59:35 GMT" time="26.111" errors="0">
  <testcase name="registerlink" time="13.334" classname="jan23.Demo4"/>
  <testcase name="registerlink" time="12.777" classname="jan23.Demo4"/>
</testsuite> <!-- jan23.Demo4 -->
