<?xml version="1.0" encoding="UTF-8"?>
<!-- Generated by org.testng.reporters.JUnitReportReporter -->
<testsuite skipped="0" hostname="DESKTOP-M9B6P2U" name="jan23.Demo1" tests="3" failures="0" timestamp="24 Jan 2020 06:50:37 GMT" time="16.205" errors="0">
  <testcase name="registeLink" time="5.882" classname="jan23.Demo1"/>
  <testcase name="carrentalsLink" time="5.023" classname="jan23.Demo1"/>
  <testcase name="hotelLink" time="5.300" classname="jan23.Demo1"/>
</testsuite> <!-- jan23.Demo1 -->
