<?xml version="1.0" encoding="UTF-8"?>
<!-- Generated by org.testng.reporters.JUnitReportReporter -->
<testsuite skipped="0" hostname="DESKTOP-M9B6P2U" name="jan23.CheckingTitleusingAsserts" tests="1" failures="0" timestamp="27 Jan 2020 06:30:57 GMT" time="21.543" errors="0">
  <testcase name="titleverification" time="21.543" classname="jan23.CheckingTitleusingAsserts"/>
</testsuite> <!-- jan23.CheckingTitleusingAsserts -->
