<?xml version="1.0" encoding="UTF-8"?>
<!-- Generated by org.testng.reporters.JUnitReportReporter -->
<testsuite skipped="1" hostname="DESKTOP-M9B6P2U" name="Jan22.Demo2" tests="3" failures="0" timestamp="24 Jan 2020 06:37:49 GMT" time="0.009" errors="0">
  <testcase name="login" time="0.006" classname="Jan22.Demo2"/>
  <testcase name="compose" time="0.003" classname="Jan22.Demo2"/>
  <testcase name="forward" classname="Jan22.Demo2">
    <skipped/>
  </testcase> <!-- forward -->
</testsuite> <!-- Jan22.Demo2 -->
