<?xml version="1.0" encoding="UTF-8"?>
<!-- Generated by org.testng.reporters.JUnitReportReporter -->
<testsuite skipped="0" hostname="DESKTOP-M9B6P2U" name="Jan22.Demo1" tests="2" failures="0" timestamp="24 Jan 2020 06:18:51 GMT" time="0.021" errors="0">
  <testcase name="tc1" time="0.014" classname="Jan22.Demo1"/>
  <testcase name="tc2" time="0.007" classname="Jan22.Demo1"/>
</testsuite> <!-- Jan22.Demo1 -->
